{"D:\\02-AREAS\\SENAC\\CURSOS\\NodeJS\\Aulas\\Aula06\\repos\\petshop_v6\\src\\config\\database.js": {"path":"D:\\02-AREAS\\SENAC\\CURSOS\\NodeJS\\Aulas\\Aula06\\repos\\petshop_v6\\src\\config\\database.js","statementMap":{"0":{"start":{"line":1,"column":22},"end":{"line":1,"column":42}},"1":{"start":{"line":3,"column":18},"end":{"line":7,"column":2}},"2":{"start":{"line":9,"column":0},"end":{"line":9,"column":27}}},"fnMap":{},"branchMap":{},"s":{"0":3,"1":3,"2":3},"f":{},"b":{},"_coverageSchema":"1a1c01bbd47fc00a2c39e90264f33305004495a9","hash":"6c6b31b7525bc783790803e19da57f7b3d7cea61"}
,"D:\\02-AREAS\\SENAC\\CURSOS\\NodeJS\\Aulas\\Aula06\\repos\\petshop_v6\\src\\models\\Categorias.js": {"path":"D:\\02-AREAS\\SENAC\\CURSOS\\NodeJS\\Aulas\\Aula06\\repos\\petshop_v6\\src\\models\\Categorias.js","statementMap":{"0":{"start":{"line":1,"column":22},"end":{"line":1,"column":42}},"1":{"start":{"line":2,"column":18},"end":{"line":2,"column":47}},"2":{"start":{"line":4,"column":18},"end":{"line":25,"column":2}},"3":{"start":{"line":27,"column":0},"end":{"line":27,"column":27}}},"fnMap":{},"branchMap":{},"s":{"0":1,"1":1,"2":1,"3":1},"f":{},"b":{},"_coverageSchema":"1a1c01bbd47fc00a2c39e90264f33305004495a9","hash":"6e688bb9453ee2f20628f9978a9e81e2758fa915"}
,"D:\\02-AREAS\\SENAC\\CURSOS\\NodeJS\\Aulas\\Aula06\\repos\\petshop_v6\\src\\models\\Clientes.js": {"path":"D:\\02-AREAS\\SENAC\\CURSOS\\NodeJS\\Aulas\\Aula06\\repos\\petshop_v6\\src\\models\\Clientes.js","statementMap":{"0":{"start":{"line":1,"column":22},"end":{"line":1,"column":42}},"1":{"start":{"line":2,"column":18},"end":{"line":2,"column":47}},"2":{"start":{"line":4,"column":16},"end":{"line":25,"column":2}},"3":{"start":{"line":27,"column":0},"end":{"line":27,"column":25}}},"fnMap":{},"branchMap":{},"s":{"0":1,"1":1,"2":1,"3":1},"f":{},"b":{},"_coverageSchema":"1a1c01bbd47fc00a2c39e90264f33305004495a9","hash":"1a3456466535d8144716a2d1927b7760677ca0ab"}
,"D:\\02-AREAS\\SENAC\\CURSOS\\NodeJS\\Aulas\\Aula06\\repos\\petshop_v6\\src\\models\\Usuarios.js": {"path":"D:\\02-AREAS\\SENAC\\CURSOS\\NodeJS\\Aulas\\Aula06\\repos\\petshop_v6\\src\\models\\Usuarios.js","statementMap":{"0":{"start":{"line":1,"column":22},"end":{"line":1,"column":42}},"1":{"start":{"line":2,"column":18},"end":{"line":2,"column":47}},"2":{"start":{"line":4,"column":16},"end":{"line":57,"column":2}},"3":{"start":{"line":59,"column":0},"end":{"line":59,"column":25}}},"fnMap":{},"branchMap":{},"s":{"0":1,"1":1,"2":1,"3":1},"f":{},"b":{},"_coverageSchema":"1a1c01bbd47fc00a2c39e90264f33305004495a9","hash":"ea1712630c96cf462537f44eb6251bedeb562420"}
}
